\BOOKMARK [-1][-]{part.1}{\376\377\000I\000\040\000P\000r\000i\000n\000c\000i\000p\000i\000,\000\040\000d\000e\000s\000c\000r\000i\000z\000i\000o\000n\000e\000\040\000e\000d\000\040\000i\000n\000f\000e\000r\000e\000n\000z\000a}{}% 1
\BOOKMARK [0][-]{chapter.1}{\376\377\000I\000n\000t\000r\000o\000d\000u\000z\000i\000o\000n\000e\000\040\000a\000l\000l\000a\000\040\000s\000t\000a\000t\000i\000s\000t\000i\000c\000a\000\040\000\050\000B\0001\000\051}{part.1}% 2
\BOOKMARK [1][-]{section.1.1}{\376\377\000S\000t\000a\000t\000i\000s\000t\000i\000c\000a}{chapter.1}% 3
\BOOKMARK [1][-]{section.1.2}{\376\377\000P\000o\000p\000o\000l\000a\000z\000i\000o\000n\000e}{chapter.1}% 4
\BOOKMARK [1][-]{section.1.3}{\376\377\000C\000a\000m\000p\000i\000o\000n\000e\000\040\000e\000\040\000s\000t\000i\000m\000a}{chapter.1}% 5
\BOOKMARK [1][-]{section.1.4}{\376\377\000S\000t\000i\000m\000a}{chapter.1}% 6
\BOOKMARK [1][-]{section.1.5}{\376\377\000D\000a\000t\000i\000\040\000e\000\040\000v\000a\000r\000i\000a\000b\000i\000l\000i}{chapter.1}% 7
\BOOKMARK [1][-]{section.1.6}{\376\377\000D\000i\000s\000t\000r\000i\000b\000u\000z\000i\000o\000n\000i\000\040\000d\000i\000\040\000f\000r\000e\000q\000u\000e\000n\000z\000a\000\040\000e\000\040\000d\000i\000s\000t\000r\000i\000b\000u\000z\000i\000o\000n\000i\000\040\000d\000i\000\040\000p\000r\000o\000b\000a\000b\000i\000l\000i\000t\000\340}{chapter.1}% 8
\BOOKMARK [1][-]{section.1.7}{\376\377\000T\000i\000p\000i\000\040\000d\000i\000\040\000s\000t\000u\000d\000i}{chapter.1}% 9
\BOOKMARK [0][-]{chapter.2}{\376\377\000A\000r\000c\000h\000i\000v\000i\000a\000z\000i\000o\000n\000e\000\040\000d\000e\000i\000\040\000d\000a\000t\000i\000\040\000\050\000B\0001\000\051}{part.1}% 10
\BOOKMARK [0][-]{chapter.3}{\376\377\000V\000i\000s\000u\000a\000l\000i\000z\000z\000a\000z\000i\000o\000n\000e\000\040\000d\000e\000i\000\040\000d\000a\000t\000i\000\040\000\050\000B\0001\000\051}{part.1}% 11
\BOOKMARK [1][-]{section.3.1}{\376\377\000R\000a\000p\000p\000r\000e\000s\000e\000n\000t\000a\000r\000e\000\040\000l\000e\000\040\000d\000i\000s\000t\000r\000i\000b\000u\000z\000i\000o\000n\000i\000\040\000d\000i\000\040\000f\000r\000e\000q\000u\000e\000n\000z\000a}{chapter.3}% 12
\BOOKMARK [2][-]{subsection.3.1.1}{\376\377\000V\000i\000s\000u\000a\000l\000i\000z\000z\000a\000r\000e\000\040\000v\000a\000r\000i\000a\000b\000i\000l\000i\000\040\000c\000a\000t\000e\000g\000o\000r\000i\000c\000h\000e}{section.3.1}% 13
\BOOKMARK [2][-]{subsection.3.1.2}{\376\377\000V\000i\000s\000u\000a\000l\000i\000z\000z\000a\000r\000e\000\040\000v\000a\000r\000i\000a\000b\000i\000l\000i\000\040\000n\000u\000m\000e\000r\000i\000c\000h\000e}{section.3.1}% 14
\BOOKMARK [1][-]{section.3.2}{\376\377\000Q\000u\000a\000n\000t\000i\000l\000i\000\040\000d\000i\000\040\000u\000n\000a\000\040\000d\000i\000s\000t\000r\000i\000b\000u\000z\000i\000o\000n\000e\000\040\000d\000i\000\040\000f\000r\000e\000q\000u\000e\000n\000z\000a}{chapter.3}% 15
\BOOKMARK [1][-]{section.3.3}{\376\377\000D\000i\000s\000t\000r\000i\000b\000u\000z\000i\000o\000n\000e\000\040\000d\000i\000\040\000f\000r\000e\000q\000u\000e\000n\000z\000a\000\040\000c\000u\000m\000u\000l\000a\000t\000i\000v\000a}{chapter.3}% 16
\BOOKMARK [1][-]{section.3.4}{\376\377\000A\000s\000s\000o\000c\000i\000a\000z\000i\000o\000n\000i\000\040\000t\000r\000a\000\040\000v\000a\000r\000i\000a\000b\000i\000l\000i\000\040\000c\000a\000t\000e\000g\000o\000r\000i\000c\000h\000e}{chapter.3}% 17
\BOOKMARK [1][-]{section.3.5}{\376\377\000C\000o\000n\000f\000r\000o\000n\000t\000a\000r\000e\000\040\000v\000a\000r\000i\000a\000b\000i\000l\000i\000\040\000n\000u\000m\000e\000r\000i\000c\000h\000e\000\040\000t\000r\000a\000\040\000g\000r\000u\000p\000p\000i}{chapter.3}% 18
\BOOKMARK [1][-]{section.3.6}{\376\377\000V\000i\000s\000u\000a\000l\000i\000z\000z\000a\000r\000e\000\040\000l\000a\000\040\000r\000e\000l\000a\000z\000i\000o\000n\000e\000\040\000t\000r\000a\000\040\000u\000n\000a\000\040\000c\000o\000p\000p\000i\000a\000\040\000d\000i\000\040\000v\000a\000r\000i\000a\000b\000i\000l\000i\000\040\000n\000u\000m\000e\000r\000i\000c\000h\000e}{chapter.3}% 19
\BOOKMARK [0][-]{chapter.4}{\376\377\000S\000t\000a\000t\000i\000s\000t\000i\000c\000h\000e\000\040\000d\000e\000s\000c\000r\000i\000t\000t\000i\000v\000e\000\040\000\050\000B\0002\000\051}{part.1}% 20
\BOOKMARK [1][-]{section.4.1}{\376\377\000M\000i\000s\000u\000r\000e\000\040\000d\000i\000\040\000t\000e\000n\000d\000e\000n\000z\000a\000\040\000c\000e\000n\000t\000r\000a\000l\000e}{chapter.4}% 21
\BOOKMARK [1][-]{section.4.2}{\376\377\000M\000i\000s\000u\000r\000e\000\040\000d\000i\000\040\000d\000i\000s\000p\000e\000r\000s\000i\000o\000n\000e}{chapter.4}% 22
\BOOKMARK [1][-]{section.4.3}{\376\377\000C\000o\000e\000f\000f\000i\000c\000i\000e\000n\000t\000e\000\040\000d\000i\000\040\000v\000a\000r\000i\000a\000z\000i\000o\000n\000e}{chapter.4}% 23
\BOOKMARK [1][-]{section.4.4}{\376\377\000R\000a\000n\000g\000e\000\040\000e\000d\000\040\000i\000n\000t\000e\000r\000v\000a\000l\000l\000o}{chapter.4}% 24
\BOOKMARK [1][-]{section.4.5}{\376\377\000C\000o\000n\000f\000r\000o\000n\000t\000o\000\040\000t\000r\000a\000\040\000m\000i\000s\000u\000r\000e\000\040\000d\000i\000\040\000p\000o\000s\000i\000z\000i\000o\000n\000e\000\040\000e\000\040\000d\000i\000s\000p\000e\000r\000s\000i\000o\000n\000e}{chapter.4}% 25
\BOOKMARK [1][-]{section.4.6}{\376\377\000M\000o\000d\000e\000\040\000l\000a\000s\000c\000h\000e}{chapter.4}% 26
\BOOKMARK [1][-]{section.4.7}{\376\377\000D\000i\000s\000t\000r\000i\000b\000u\000z\000i\000o\000n\000e\000\040\000c\000a\000m\000p\000i\000o\000n\000a\000r\000i\000a}{chapter.4}% 27
\BOOKMARK [1][-]{section.4.8}{\376\377\000E\000r\000r\000o\000r\000e\000\040\000s\000t\000a\000n\000d\000a\000r\000d\000\040}{chapter.4}% 28
\BOOKMARK [0][-]{chapter.5}{\376\377\000D\000i\000s\000t\000r\000i\000b\000u\000z\000i\000o\000n\000e\000\040\000n\000o\000r\000m\000a\000l\000e\000\040\000\050\000B\0002\000\051}{part.1}% 29
\BOOKMARK [1][-]{section.5.1}{\376\377\000T\000e\000o\000r\000e\000m\000a\000\040\000d\000e\000l\000\040\000l\000i\000m\000i\000t\000e\000\040\000c\000e\000n\000t\000r\000a\000l\000e}{chapter.5}% 30
\BOOKMARK [1][-]{section.5.2}{\376\377\000I\000n\000t\000e\000r\000v\000a\000l\000l\000o\000\040\000d\000i\000\040\000c\000o\000n\000f\000i\000d\000e\000n\000z\000a}{chapter.5}% 31
\BOOKMARK [0][-]{chapter.6}{\376\377\000P\000r\000o\000b\000a\000b\000i\000l\000i\000t\000\340\000\040\000\050\000B\0003\000\051}{part.1}% 32
\BOOKMARK [1][-]{section.6.1}{\376\377\000I\000s\000t\000o\000g\000r\000a\000m\000m\000i\000\040\000d\000i\000\040\000f\000r\000e\000q\000u\000e\000n\000z\000a}{chapter.6}% 33
\BOOKMARK [1][-]{section.6.2}{\376\377\000E\000v\000e\000n\000t\000i\000\040\000i\000n\000d\000i\000p\000e\000n\000d\000e\000n\000t\000i}{chapter.6}% 34
\BOOKMARK [1][-]{section.6.3}{\376\377\000E\000v\000e\000n\000t\000i\000\040\000i\000n\000c\000o\000m\000p\000a\000t\000i\000b\000i\000l\000i}{chapter.6}% 35
\BOOKMARK [1][-]{section.6.4}{\376\377\000S\000o\000m\000m\000a\000\040\000d\000e\000l\000l\000e\000\040\000p\000r\000o\000b\000a\000b\000i\000l\000i\000t\000\340}{chapter.6}% 36
\BOOKMARK [1][-]{section.6.5}{\376\377\000D\000i\000a\000g\000r\000a\000m\000m\000i\000\040\000d\000i\000\040\000V\000e\000n\000n}{chapter.6}% 37
\BOOKMARK [1][-]{section.6.6}{\376\377\000P\000r\000o\000d\000o\000t\000t\000o\000\040\000d\000i\000\040\000p\000r\000o\000b\000a\000b\000i\000l\000i\000t\000\340}{chapter.6}% 38
\BOOKMARK [1][-]{section.6.7}{\376\377\000A\000l\000b\000e\000r\000i\000\040\000d\000i\000\040\000p\000r\000o\000b\000a\000b\000i\000l\000i\000t\000\340}{chapter.6}% 39
\BOOKMARK [1][-]{section.6.8}{\376\377\000P\000r\000o\000b\000a\000b\000i\000l\000i\000t\000\340\000\040\000c\000o\000n\000d\000i\000z\000i\000o\000n\000a\000t\000a\000\040\000e\000\040\000t\000e\000o\000r\000e\000m\000a\000\040\000d\000e\000l\000l\000a\000\040\000p\000r\000o\000b\000a\000b\000i\000l\000i\000t\000\340\000\040\000t\000o\000t\000a\000l\000e}{chapter.6}% 40
\BOOKMARK [1][-]{section.6.9}{\376\377\000T\000e\000o\000r\000e\000m\000a\000\040\000d\000e\000l\000l\000a\000\040\000p\000r\000o\000b\000a\000b\000i\000l\000i\000t\000\340\000\040\000c\000o\000m\000p\000o\000s\000t\000a}{chapter.6}% 41
\BOOKMARK [1][-]{section.6.10}{\376\377\000T\000e\000o\000r\000e\000m\000a\000\040\000d\000i\000\040\000B\000a\000y\000e\000s}{chapter.6}% 42
\BOOKMARK [0][-]{chapter.7}{\376\377\000T\000e\000s\000t\000\040\000d\000e\000l\000l\000e\000\040\000i\000p\000o\000t\000e\000s\000i}{part.1}% 43
\BOOKMARK [1][-]{section.7.1}{\376\377\000R\000a\000g\000i\000o\000n\000a\000m\000e\000n\000t\000o\000\040\000l\000o\000g\000i\000c\000o}{chapter.7}% 44
\BOOKMARK [1][-]{section.7.2}{\376\377\000M\000e\000t\000o\000d\000o\000\040\000s\000c\000i\000e\000n\000t\000i\000f\000i\000c\000o\000\040\000g\000a\000l\000i\000l\000e\000i\000a\000n\000o}{chapter.7}% 45
\BOOKMARK [1][-]{section.7.3}{\376\377\000F\000o\000r\000m\000u\000l\000a\000z\000i\000o\000n\000e\000\040\000d\000e\000l\000l\000e\000\040\000i\000p\000o\000t\000e\000s\000i}{chapter.7}% 46
\BOOKMARK [1][-]{section.7.4}{\376\377\000V\000e\000r\000i\000f\000i\000c\000a\000\040\000d\000e\000l\000l\000e\000\040\000i\000p\000o\000t\000e\000s\000i}{chapter.7}% 47
\BOOKMARK [1][-]{section.7.5}{\376\377\000S\000t\000a\000t\000i\000s\000t\000i\000c\000a\000\040\000t\000e\000s\000t}{chapter.7}% 48
\BOOKMARK [1][-]{section.7.6}{\376\377\000L\000i\000v\000e\000l\000l\000o\000\040\000d\000i\000\040\000s\000i\000g\000n\000i\000f\000i\000c\000a\000t\000i\000v\000i\000t\000\340\000\040\000d\000i\000\040\000P}{chapter.7}% 49
\BOOKMARK [1][-]{section.7.7}{\376\377\000E\000r\000r\000o\000r\000i\000\040\000n\000e\000l\000l\000a\000\040\000v\000e\000r\000i\000f\000i\000c\000a\000\040\000d\000e\000l\000l\000e\000\040\000i\000p\000o\000t\000e\000s\000i}{chapter.7}% 50
\BOOKMARK [-1][-]{part.2}{\376\377\000I\000I\000\040\000C\000o\000n\000f\000r\000o\000n\000t\000i\000\040\000t\000r\000a\000\040\000g\000r\000u\000p\000p\000i}{}% 51
\BOOKMARK [0][-]{chapter.8}{\376\377\000A\000n\000a\000l\000i\000s\000i\000\040\000d\000e\000l\000l\000e\000\040\000p\000r\000o\000p\000o\000r\000z\000i\000o\000n\000i\000\040\000\050\000B\0005\000\051}{part.2}% 52
\BOOKMARK [1][-]{section.8.1}{\376\377\000D\000i\000s\000t\000r\000i\000b\000u\000z\000i\000o\000n\000e\000\040\000b\000i\000n\000o\000m\000i\000a\000l\000e}{chapter.8}% 53
\BOOKMARK [2][-]{subsection.8.1.1}{\376\377\000D\000i\000s\000t\000r\000i\000b\000u\000z\000i\000o\000n\000e\000\040\000c\000a\000m\000p\000i\000o\000n\000a\000r\000i\000a\000\040\000d\000i\000\040\000u\000n\000a\000\040\000p\000r\000o\000p\000o\000r\000z\000i\000o\000n\000e}{section.8.1}% 54
\BOOKMARK [1][-]{section.8.2}{\376\377\000S\000t\000u\000d\000i\000o\000\040\000d\000i\000\040\000u\000n\000a\000\040\000p\000r\000o\000p\000o\000r\000z\000i\000o\000n\000e\000:\000\040\000i\000l\000\040\000t\000e\000s\000t\000\040\000b\000i\000n\000o\000m\000i\000a\000l\000e}{chapter.8}% 55
\BOOKMARK [2][-]{subsection.8.2.1}{\376\377\000A\000p\000p\000r\000o\000s\000s\000i\000m\000a\000z\000i\000o\000n\000i\000\040\000d\000e\000l\000\040\000t\000e\000s\000t\000\040\000b\000i\000n\000o\000m\000i\000a\000l\000e}{section.8.2}% 56
\BOOKMARK [1][-]{section.8.3}{\376\377\000S\000t\000i\000m\000a\000\040\000d\000e\000l\000l\000e\000\040\000p\000r\000o\000p\000o\000r\000z\000i\000o\000n\000i}{chapter.8}% 57
\BOOKMARK [2][-]{subsection.8.3.1}{\376\377\000S\000t\000i\000m\000a\000\040\000d\000e\000l\000l\000'\000e\000r\000r\000o\000r\000e\000\040\000s\000t\000a\000n\000d\000a\000r\000d\000\040\000p\000e\000r\000\040\000u\000n\000a\000\040\000p\000r\000o\000p\000o\000r\000z\000i\000o\000n\000e}{section.8.3}% 58
\BOOKMARK [2][-]{subsection.8.3.2}{\376\377\000I\000n\000t\000e\000r\000v\000a\000l\000l\000o\000\040\000d\000i\000\040\000c\000o\000n\000f\000i\000d\000e\000n\000z\000a\000\040\000d\000i\000\040\000u\000n\000a\000\040\000p\000r\000o\000p\000o\000r\000z\000i\000o\000n\000e\000:\000\040\000m\000e\000t\000o\000d\000o\000\040\000A\000g\000r\000e\000s\000t\000i\000-\000C\000o\000u\000l\000l}{section.8.3}% 59
\BOOKMARK [2][-]{subsection.8.3.3}{\376\377\000I\000n\000t\000e\000r\000v\000a\000l\000l\000o\000\040\000d\000i\000\040\000c\000o\000n\000f\000i\000d\000e\000n\000z\000a\000\040\000d\000i\000\040\000u\000n\000a\000\040\000p\000r\000o\000p\000o\000r\000z\000i\000o\000n\000e\000:\000\040\000m\000e\000t\000o\000d\000o\000\040\000W\000a\000l\000d}{section.8.3}% 60
\BOOKMARK [1][-]{section.8.4}{\376\377\000R\000i\000c\000a\000v\000a\000r\000e\000\040\000l\000a\000\040\000d\000i\000s\000t\000r\000i\000b\000u\000z\000i\000o\000n\000e\000\040\000b\000i\000n\000o\000m\000i\000a\000l\000e}{chapter.8}% 61
\BOOKMARK [0][-]{chapter.9}{\376\377\000M\000o\000d\000e\000l\000l\000i\000\040\000p\000r\000o\000b\000a\000b\000i\000l\000i\000s\000t\000i\000c\000i\000\040\000p\000e\000r\000\040\000d\000a\000t\000i\000\040\000d\000i\000\040\000f\000r\000e\000q\000u\000e\000n\000z\000a\000\040\000\050\000B\0005\000\051}{part.2}% 62
\BOOKMARK [1][-]{section.9.1}{\376\377\000M\000o\000d\000e\000l\000l\000o\000\040\000p\000r\000o\000p\000o\000r\000z\000i\000o\000n\000a\000l\000e}{chapter.9}% 63
\BOOKMARK [1][-]{section.9.2}{\376\377\000T\000e\000s\000t\000\040\000d\000e\000l\000\040\000L\000g\000\040\000d\000i\000\040\000b\000o\000n\000t\000\340\000\040\000d\000e\000l\000l\000'\000a\000d\000a\000t\000t\000a\000m\000e\000n\000t\000o}{chapter.9}% 64
\BOOKMARK [2][-]{subsection.9.2.1}{\376\377\000C\000a\000l\000c\000o\000l\000o\000\040\000d\000e\000l\000\040\000P\000-\000v\000a\000l\000u\000e}{section.9.2}% 65
\BOOKMARK [2][-]{subsection.9.2.2}{\376\377\000A\000s\000s\000u\000n\000z\000i\000o\000n\000i\000\040\000d\000e\000l\000\040\000t\000e\000s\000t\000\040\000L\000g\000\040\000d\000i\000\040\000b\000o\000n\000t\000\340\000\040\000d\000e\000l\000l\000'\000a\000d\000a\000t\000t\000a\000m\000e\000n\000t\000o}{section.9.2}% 66
\BOOKMARK [2][-]{subsection.9.2.3}{\376\377\000T\000e\000s\000t\000\040\000d\000e\000l\000\040\000L\000g\000\040\000c\000o\000n\000\040\000d\000u\000e\000\040\000s\000o\000l\000e\000\040\000c\000a\000t\000e\000g\000o\000r\000i\000e}{section.9.2}% 67
\BOOKMARK [1][-]{section.9.3}{\376\377\000A\000d\000a\000t\000t\000a\000m\000e\000n\000t\000o\000\040\000d\000e\000l\000l\000a\000\040\000d\000i\000s\000t\000r\000i\000b\000u\000z\000i\000o\000n\000e\000\040\000b\000i\000n\000o\000m\000i\000a\000l\000e}{chapter.9}% 68
\BOOKMARK [2][-]{subsection.9.3.1}{\376\377\000T\000e\000s\000t\000\040\000b\000i\000n\000o\000m\000i\000a\000l\000e\000\040\000p\000e\000r\000\040\000n\000\040\000g\000r\000a\000n\000d\000i}{section.9.3}% 69
\BOOKMARK [1][-]{section.9.4}{\376\377\000D\000i\000s\000t\000r\000i\000b\000u\000z\000i\000o\000n\000e\000\040\000d\000i\000\040\000P\000o\000i\000s\000s\000o\000n}{chapter.9}% 70
\BOOKMARK [2][-]{subsection.9.4.1}{\376\377\000V\000e\000r\000i\000f\000i\000c\000a\000\040\000d\000e\000l\000l\000a\000\040\000c\000a\000s\000u\000a\000l\000i\000t\000\340\000\040\000c\000o\000n\000\040\000l\000a\000\040\000d\000i\000s\000t\000r\000i\000b\000u\000z\000i\000o\000n\000e\000\040\000d\000i\000\040\000P\000o\000i\000s\000s\000o\000n}{section.9.4}% 71
\BOOKMARK [2][-]{subsection.9.4.2}{\376\377\000I\000n\000d\000i\000c\000e\000\040\000d\000i\000\040\000d\000i\000s\000p\000e\000r\000s\000i\000o\000n\000e\000\040\000p\000e\000r\000\040\000d\000e\000s\000c\000r\000i\000v\000e\000r\000e\000\040\000i\000l\000\040\000d\000i\000s\000c\000o\000s\000t\000a\000m\000e\000n\000t\000o\000\040\000d\000a\000l\000l\000a\000\040\000d\000i\000s\000t\000r\000i\000b\000u\000z\000i\000o\000n\000e\000\040\000d\000i\000\040\000P\000o\000i\000s\000s\000o\000n}{section.9.4}% 72
\BOOKMARK [0][-]{chapter.10}{\376\377\000A\000n\000a\000l\000i\000s\000i\000\040\000d\000e\000l\000l\000'\000a\000s\000s\000o\000c\000i\000a\000z\000i\000o\000n\000e\000\040\000t\000r\000a\000\040\000v\000a\000r\000i\000a\000b\000i\000l\000i\000\040\000c\000a\000t\000e\000g\000o\000r\000i\000c\000h\000e\000\040\000\050\000B\0005\000\051}{part.2}% 73
\BOOKMARK [1][-]{section.10.1}{\376\377\000A\000s\000s\000o\000c\000i\000a\000z\000i\000o\000n\000e\000\040\000t\000r\000a\000\040\000d\000u\000e\000\040\000v\000a\000r\000i\000a\000b\000i\000l\000i\000\040\000c\000a\000t\000e\000g\000o\000r\000i\000c\000h\000e}{chapter.10}% 74
\BOOKMARK [1][-]{section.10.2}{\376\377\000S\000t\000i\000m\000a\000\040\000d\000e\000l\000l\000'\000a\000s\000s\000o\000c\000i\000a\000z\000i\000o\000n\000e\000\040\000i\000n\000\040\000t\000a\000b\000e\000l\000l\000e\000\040\000L\000g\000:\000\040\000o\000d\000d\000s\000\040\000r\000a\000t\000i\000o}{chapter.10}% 75
\BOOKMARK [2][-]{subsection.10.2.1}{\376\377\000E\000r\000r\000o\000r\000e\000\040\000a\000s\000s\000o\000c\000i\000a\000t\000o\000\040\000a\000l\000l\000'\000o\000d\000d\000s\000\040\000r\000a\000t\000i\000o}{section.10.2}% 76
\BOOKMARK [1][-]{section.10.3}{\376\377\000T\000e\000s\000t\000\040\000d\000e\000l\000\040\000L\000g\000\040\000p\000e\000r\000\040\000s\000t\000a\000b\000i\000l\000i\000r\000e\000\040\000l\000a\000\040\000s\000i\000g\000n\000i\000f\000i\000c\000a\000t\000i\000v\000i\000t\000\340\000\040\000d\000e\000l\000l\000'\000a\000s\000s\000o\000c\000i\000a\000z\000i\000o\000n\000e\000\040\000t\000r\000a\000\040\000d\000u\000e\000\040\000v\000a\000r\000i\000a\000b\000i\000l\000i\000\040\000c\000a\000t\000e\000g\000o\000r\000i\000c\000h\000e}{chapter.10}% 77
\BOOKMARK [2][-]{subsection.10.3.1}{\376\377\000C\000a\000l\000c\000o\000l\000o\000\040\000d\000e\000l\000\040\000L\000g}{section.10.3}% 78
\BOOKMARK [2][-]{subsection.10.3.2}{\376\377\000P\000-\000v\000a\000l\000u\000e}{section.10.3}% 79
\BOOKMARK [2][-]{subsection.10.3.3}{\376\377\000A\000s\000s\000u\000n\000z\000i\000o\000n\000i\000\040\000d\000e\000l\000\040\000t\000e\000s\000t\000\040\000L\000g\000\040\000p\000e\000r\000\040\000l\000'\000a\000n\000a\000l\000i\000s\000i\000\040\000d\000e\000l\000l\000e\000\040\000t\000a\000b\000e\000l\000l\000e\000\040\000d\000i\000\040\000c\000o\000n\000t\000i\000n\000g\000e\000n\000z\000a}{section.10.3}% 80
\BOOKMARK [-1][-]{part.3}{\376\377\000I\000I\000I\000\040\000A\000s\000s\000o\000c\000i\000a\000z\000i\000o\000n\000i}{}% 81
\BOOKMARK [0][-]{chapter.11}{}{part.3}% 82
\BOOKMARK [1][-]{section.11.1}{}{chapter.11}% 83
